0 info it worked if it ends with ok
1 verbose cli [ '/usr/local/Cellar/node/6.0.0/bin/node',
1 verbose cli   '/usr/local/bin/npm',
1 verbose cli   'run',
1 verbose cli   'flux' ]
2 info using npm@3.8.6
3 info using node@v6.0.0
4 verbose run-script [ 'preflux', 'flux', 'postflux' ]
5 info lifecycle voteflux@1.0.0~preflux: voteflux@1.0.0
6 silly lifecycle voteflux@1.0.0~preflux: no script for preflux, continuing
7 info lifecycle voteflux@1.0.0~flux: voteflux@1.0.0
8 verbose lifecycle voteflux@1.0.0~flux: unsafe-perm in lifecycle true
9 verbose lifecycle voteflux@1.0.0~flux: PATH: /usr/local/lib/node_modules/npm/bin/node-gyp-bin:/Users/daveandpenny/Sites/vote-flux/node_modules/.bin:/usr/local/Cellar/node/6.0.0/bin:/usr/local/bin:/usr/bin:/bin:/usr/sbin:/sbin:/opt/X11/bin:/Applications/adt-bundle-mac-x86_64-20140321/sdk/tools:/Applications/adt-bundle-mac-x86_64-20140321/sdk/platform-tools
10 verbose lifecycle voteflux@1.0.0~flux: CWD: /Users/daveandpenny/Sites/vote-flux
11 silly lifecycle voteflux@1.0.0~flux: Args: [ '-c', 'parallelshell \'gulp\' \'jekyll build --watch\'' ]
12 silly lifecycle voteflux@1.0.0~flux: Returned: code: 1  signal: null
13 info lifecycle voteflux@1.0.0~flux: Failed to exec flux script
14 verbose stack Error: voteflux@1.0.0 flux: `parallelshell 'gulp' 'jekyll build --watch'`
14 verbose stack Exit status 1
14 verbose stack     at EventEmitter.<anonymous> (/usr/local/lib/node_modules/npm/lib/utils/lifecycle.js:239:16)
14 verbose stack     at emitTwo (events.js:106:13)
14 verbose stack     at EventEmitter.emit (events.js:191:7)
14 verbose stack     at ChildProcess.<anonymous> (/usr/local/lib/node_modules/npm/lib/utils/spawn.js:24:14)
14 verbose stack     at emitTwo (events.js:106:13)
14 verbose stack     at ChildProcess.emit (events.js:191:7)
14 verbose stack     at maybeClose (internal/child_process.js:850:16)
14 verbose stack     at Process.ChildProcess._handle.onexit (internal/child_process.js:215:5)
15 verbose pkgid voteflux@1.0.0
16 verbose cwd /Users/daveandpenny/Sites/vote-flux
17 error Darwin 15.4.0
18 error argv "/usr/local/Cellar/node/6.0.0/bin/node" "/usr/local/bin/npm" "run" "flux"
19 error node v6.0.0
20 error npm  v3.8.6
21 error code ELIFECYCLE
22 error voteflux@1.0.0 flux: `parallelshell 'gulp' 'jekyll build --watch'`
22 error Exit status 1
23 error Failed at the voteflux@1.0.0 flux script 'parallelshell 'gulp' 'jekyll build --watch''.
23 error Make sure you have the latest version of node.js and npm installed.
23 error If you do, this is most likely a problem with the voteflux package,
23 error not with npm itself.
23 error Tell the author that this fails on your system:
23 error     parallelshell 'gulp' 'jekyll build --watch'
23 error You can get information on how to open an issue for this project with:
23 error     npm bugs voteflux
23 error Or if that isn't available, you can get their info via:
23 error     npm owner ls voteflux
23 error There is likely additional logging output above.
24 verbose exit [ 1, true ]
